# JRE version: OpenJDK Runtime Environment (17.0.11) (build 17.0.11+0--11852314)
# Java VM: OpenJDK 64-Bit Server VM (17.0.11+0--11852314, mixed mode, tiered, compressed oops, compressed class ptrs, g1 gc, windows-amd64)
GC Precious Log:
 CPUs: 12 total, 12 available
 Memory: 12176M
 Large Page Support: Disabled
 NUMA Support: Disabled
 Compressed Oops: Enabled (32-bit)
 Heap Region Size: 1M
 Heap Min Capacity: 8M
 Heap Initial Capacity: 192M
 Heap Max Capacity: 2G
 Pre-touch: Disabled
 Parallel Workers: 10
 Concurrent Workers: 3
 Concurrent Refinement Workers: 10
 Periodic GC: Disabled
Heap:
 garbage-first heap   total 94208K, used 52264K [0x0000000080000000, 0x0000000100000000)
  region size 1024K, 22 young (22528K), 6 survivors (6144K)
 Metaspace       used 56436K, committed 56960K, reserved 1114112K
  class space    used 7754K, committed 8000K, reserved 1048576K
GC Heap History (20 events):
Event: 30.741 GC heap before
{Heap before GC invocations=4 (full 0):
 garbage-first heap   total 71680K, used 52495K [0x0000000080000000, 0x0000000100000000)
  region size 1024K, 42 young (43008K), 9 survivors (9216K)
 Metaspace       used 26367K, committed 26624K, reserved 1114112K
  class space    used 3364K, committed 3456K, reserved 1048576K
}
Event: 30.747 GC heap after
{Heap after GC invocations=5 (full 0):
 garbage-first heap   total 71680K, used 20688K [0x0000000080000000, 0x0000000100000000)
  region size 1024K, 2 young (2048K), 2 survivors (2048K)
 Metaspace       used 26367K, committed 26624K, reserved 1114112K
  class space    used 3364K, committed 3456K, reserved 1048576K
}
Event: 30.812 GC heap before
{Heap before GC invocations=5 (full 0):
 garbage-first heap   total 71680K, used 21712K [0x0000000080000000, 0x0000000100000000)
  region size 1024K, 3 young (3072K), 2 survivors (2048K)
 Metaspace       used 26491K, committed 26752K, reserved 1114112K
  class space    used 3389K, committed 3520K, reserved 1048576K
}
Event: 30.814 GC heap after
{Heap after GC invocations=6 (full 0):
 garbage-first heap   total 71680K, used 20938K [0x0000000080000000, 0x0000000100000000)
  region size 1024K, 1 young (1024K), 1 survivors (1024K)
 Metaspace       used 26491K, committed 26752K, reserved 1114112K
  class space    used 3389K, committed 3520K, reserved 1048576K
}
Event: 46.933 GC heap before
{Heap before GC invocations=6 (full 0):
 garbage-first heap   total 71680K, used 50634K [0x0000000080000000, 0x0000000100000000)
  region size 1024K, 30 young (30720K), 1 survivors (1024K)
 Metaspace       used 30467K, committed 30784K, reserved 1114112K
  class space    used 4048K, committed 4224K, reserved 1048576K
}
Event: 46.938 GC heap after
{Heap after GC invocations=7 (full 0):
 garbage-first heap   total 71680K, used 22400K [0x0000000080000000, 0x0000000100000000)
  region size 1024K, 2 young (2048K), 2 survivors (2048K)
 Metaspace       used 30467K, committed 30784K, reserved 1114112K
  class space    used 4048K, committed 4224K, reserved 1048576K
}
Event: 53.135 GC heap before
{Heap before GC invocations=7 (full 0):
 garbage-first heap   total 71680K, used 53120K [0x0000000080000000, 0x0000000100000000)
  region size 1024K, 32 young (32768K), 2 survivors (2048K)
 Metaspace       used 34299K, committed 34688K, reserved 1114112K
  class space    used 4674K, committed 4864K, reserved 1048576K
}
Event: 53.140 GC heap after
{Heap after GC invocations=8 (full 0):
 garbage-first heap   total 71680K, used 23735K [0x0000000080000000, 0x0000000100000000)
  region size 1024K, 4 young (4096K), 4 survivors (4096K)
 Metaspace       used 34299K, committed 34688K, reserved 1114112K
  class space    used 4674K, committed 4864K, reserved 1048576K
}
Event: 53.530 GC heap before
{Heap before GC invocations=8 (full 0):
 garbage-first heap   total 71680K, used 31927K [0x0000000080000000, 0x0000000100000000)
  region size 1024K, 13 young (13312K), 4 survivors (4096K)
 Metaspace       used 35801K, committed 36096K, reserved 1114112K
  class space    used 4888K, committed 5056K, reserved 1048576K
}
Event: 53.532 GC heap after
{Heap after GC invocations=9 (full 0):
 garbage-first heap   total 71680K, used 24076K [0x0000000080000000, 0x0000000100000000)
  region size 1024K, 2 young (2048K), 2 survivors (2048K)
 Metaspace       used 35801K, committed 36096K, reserved 1114112K
  class space    used 4888K, committed 5056K, reserved 1048576K
}
Event: 54.541 GC heap before
{Heap before GC invocations=10 (full 0):
 garbage-first heap   total 71680K, used 54796K [0x0000000080000000, 0x0000000100000000)
  region size 1024K, 33 young (33792K), 2 survivors (2048K)
 Metaspace       used 41421K, committed 41728K, reserved 1114112K
  class space    used 5489K, committed 5632K, reserved 1048576K
}
Event: 54.545 GC heap after
{Heap after GC invocations=11 (full 0):
 garbage-first heap   total 71680K, used 28120K [0x0000000080000000, 0x0000000100000000)
  region size 1024K, 5 young (5120K), 5 survivors (5120K)
 Metaspace       used 41421K, committed 41728K, reserved 1114112K
  class space    used 5489K, committed 5632K, reserved 1048576K
}
Event: 54.727 GC heap before
{Heap before GC invocations=11 (full 0):
 garbage-first heap   total 71680K, used 54744K [0x0000000080000000, 0x0000000100000000)
  region size 1024K, 31 young (31744K), 5 survivors (5120K)
 Metaspace       used 42517K, committed 42944K, reserved 1114112K
  class space    used 5666K, committed 5888K, reserved 1048576K
}
Event: 54.731 GC heap after
{Heap after GC invocations=12 (full 0):
 garbage-first heap   total 71680K, used 29265K [0x0000000080000000, 0x0000000100000000)
  region size 1024K, 2 young (2048K), 2 survivors (2048K)
 Metaspace       used 42517K, committed 42944K, reserved 1114112K
  class space    used 5666K, committed 5888K, reserved 1048576K
}
Event: 55.806 GC heap before
{Heap before GC invocations=12 (full 0):
 garbage-first heap   total 71680K, used 54865K [0x0000000080000000, 0x0000000100000000)
  region size 1024K, 28 young (28672K), 2 survivors (2048K)
 Metaspace       used 45711K, committed 46144K, reserved 1114112K
  class space    used 6194K, committed 6400K, reserved 1048576K
}
Event: 55.810 GC heap after
{Heap after GC invocations=13 (full 0):
 garbage-first heap   total 94208K, used 30993K [0x0000000080000000, 0x0000000100000000)
  region size 1024K, 4 young (4096K), 4 survivors (4096K)
 Metaspace       used 45711K, committed 46144K, reserved 1114112K
  class space    used 6194K, committed 6400K, reserved 1048576K
}
Event: 56.863 GC heap before
{Heap before GC invocations=13 (full 0):
 garbage-first heap   total 94208K, used 72977K [0x0000000080000000, 0x0000000100000000)
  region size 1024K, 45 young (46080K), 4 survivors (4096K)
 Metaspace       used 51111K, committed 51520K, reserved 1114112K
  class space    used 7065K, committed 7232K, reserved 1048576K
}
Event: 56.866 GC heap after
{Heap after GC invocations=14 (full 0):
 garbage-first heap   total 94208K, used 33332K [0x0000000080000000, 0x0000000100000000)
  region size 1024K, 5 young (5120K), 5 survivors (5120K)
 Metaspace       used 51111K, committed 51520K, reserved 1114112K
  class space    used 7065K, committed 7232K, reserved 1048576K
}
Event: 67.480 GC heap before
{Heap before GC invocations=14 (full 0):
 garbage-first heap   total 94208K, used 74292K [0x0000000080000000, 0x0000000100000000)
  region size 1024K, 44 young (45056K), 5 survivors (5120K)
 Metaspace       used 55723K, committed 56192K, reserved 1114112K
  class space    used 7650K, committed 7872K, reserved 1048576K
}
Event: 67.487 GC heap after
{Heap after GC invocations=15 (full 0):
 garbage-first heap   total 94208K, used 36904K [0x0000000080000000, 0x0000000100000000)
  region size 1024K, 6 young (6144K), 6 survivors (6144K)
 Metaspace       used 55723K, committed 56192K, reserved 1114112K
  class space    used 7650K, committed 7872K, reserved 1048576K
}

