# JRE version: OpenJDK Runtime Environment (17.0.11) (build 17.0.11+0--11852314)
# Java VM: OpenJDK 64-Bit Server VM (17.0.11+0--11852314, mixed mode, tiered, compressed oops, compressed class ptrs, g1 gc, windows-amd64)
GC Precious Log:
 CPUs: 12 total, 12 available
 Memory: 12176M
 Large Page Support: Disabled
 NUMA Support: Disabled
 Compressed Oops: Enabled (32-bit)
 Heap Region Size: 1M
 Heap Min Capacity: 8M
 Heap Initial Capacity: 192M
 Heap Max Capacity: 2G
 Pre-touch: Disabled
 Parallel Workers: 10
 Concurrent Workers: 3
 Concurrent Refinement Workers: 10
 Periodic GC: Disabled
Heap:
 garbage-first heap   total 178176K, used 119627K [0x0000000080000000, 0x0000000100000000)
  region size 1024K, 17 young (17408K), 4 survivors (4096K)
 Metaspace       used 101727K, committed 102464K, reserved 1179648K
  class space    used 14188K, committed 14528K, reserved 1048576K
GC Heap History (20 events):
Event: 225.918 GC heap before
{Heap before GC invocations=45 (full 0):
 garbage-first heap   total 152576K, used 128303K [0x0000000080000000, 0x0000000100000000)
  region size 1024K, 40 young (40960K), 4 survivors (4096K)
 Metaspace       used 93326K, committed 94016K, reserved 1179648K
  class space    used 12984K, committed 13312K, reserved 1048576K
}
Event: 225.924 GC heap after
{Heap after GC invocations=46 (full 0):
 garbage-first heap   total 152576K, used 93390K [0x0000000080000000, 0x0000000100000000)
  region size 1024K, 4 young (4096K), 4 survivors (4096K)
 Metaspace       used 93326K, committed 94016K, reserved 1179648K
  class space    used 12984K, committed 13312K, reserved 1048576K
}
Event: 249.121 GC heap before
{Heap before GC invocations=47 (full 0):
 garbage-first heap   total 158720K, used 128206K [0x0000000080000000, 0x0000000100000000)
  region size 1024K, 38 young (38912K), 4 survivors (4096K)
 Metaspace       used 96799K, committed 97536K, reserved 1179648K
  class space    used 13468K, committed 13824K, reserved 1048576K
}
Event: 249.125 GC heap after
{Heap after GC invocations=48 (full 0):
 garbage-first heap   total 158720K, used 94831K [0x0000000080000000, 0x0000000100000000)
  region size 1024K, 4 young (4096K), 4 survivors (4096K)
 Metaspace       used 96799K, committed 97536K, reserved 1179648K
  class space    used 13468K, committed 13824K, reserved 1048576K
}
Event: 249.423 GC heap before
{Heap before GC invocations=48 (full 0):
 garbage-first heap   total 158720K, used 97903K [0x0000000080000000, 0x0000000100000000)
  region size 1024K, 7 young (7168K), 4 survivors (4096K)
 Metaspace       used 97012K, committed 97728K, reserved 1179648K
  class space    used 13504K, committed 13824K, reserved 1048576K
}
Event: 249.426 GC heap after
{Heap after GC invocations=49 (full 0):
 garbage-first heap   total 158720K, used 94825K [0x0000000080000000, 0x0000000100000000)
  region size 1024K, 1 young (1024K), 1 survivors (1024K)
 Metaspace       used 97012K, committed 97728K, reserved 1179648K
  class space    used 13504K, committed 13824K, reserved 1048576K
}
Event: 263.758 GC heap before
{Heap before GC invocations=49 (full 0):
 garbage-first heap   total 158720K, used 134761K [0x0000000080000000, 0x0000000100000000)
  region size 1024K, 40 young (40960K), 1 survivors (1024K)
 Metaspace       used 99399K, committed 100096K, reserved 1179648K
  class space    used 13874K, committed 14208K, reserved 1048576K
}
Event: 263.761 GC heap after
{Heap after GC invocations=50 (full 0):
 garbage-first heap   total 158720K, used 97627K [0x0000000080000000, 0x0000000100000000)
  region size 1024K, 4 young (4096K), 4 survivors (4096K)
 Metaspace       used 99399K, committed 100096K, reserved 1179648K
  class space    used 13874K, committed 14208K, reserved 1048576K
}
Event: 296.889 GC heap before
{Heap before GC invocations=50 (full 0):
 garbage-first heap   total 158720K, used 134491K [0x0000000080000000, 0x0000000100000000)
  region size 1024K, 40 young (40960K), 4 survivors (4096K)
 Metaspace       used 100480K, committed 101184K, reserved 1179648K
  class space    used 14030K, committed 14336K, reserved 1048576K
}
Event: 296.893 GC heap after
{Heap after GC invocations=51 (full 0):
 garbage-first heap   total 158720K, used 102028K [0x0000000080000000, 0x0000000100000000)
  region size 1024K, 5 young (5120K), 5 survivors (5120K)
 Metaspace       used 100480K, committed 101184K, reserved 1179648K
  class space    used 14030K, committed 14336K, reserved 1048576K
}
Event: 299.975 GC heap before
{Heap before GC invocations=51 (full 0):
 garbage-first heap   total 158720K, used 131724K [0x0000000080000000, 0x0000000100000000)
  region size 1024K, 35 young (35840K), 5 survivors (5120K)
 Metaspace       used 100914K, committed 101696K, reserved 1179648K
  class space    used 14101K, committed 14464K, reserved 1048576K
}
Event: 299.979 GC heap after
{Heap after GC invocations=52 (full 0):
 garbage-first heap   total 158720K, used 104021K [0x0000000080000000, 0x0000000100000000)
  region size 1024K, 5 young (5120K), 5 survivors (5120K)
 Metaspace       used 100914K, committed 101696K, reserved 1179648K
  class space    used 14101K, committed 14464K, reserved 1048576K
}
Event: 305.363 GC heap before
{Heap before GC invocations=53 (full 0):
 garbage-first heap   total 178176K, used 129621K [0x0000000080000000, 0x0000000100000000)
  region size 1024K, 31 young (31744K), 5 survivors (5120K)
 Metaspace       used 101290K, committed 101952K, reserved 1179648K
  class space    used 14145K, committed 14464K, reserved 1048576K
}
Event: 305.366 GC heap after
{Heap after GC invocations=54 (full 0):
 garbage-first heap   total 178176K, used 105564K [0x0000000080000000, 0x0000000100000000)
  region size 1024K, 4 young (4096K), 4 survivors (4096K)
 Metaspace       used 101290K, committed 101952K, reserved 1179648K
  class space    used 14145K, committed 14464K, reserved 1048576K
}
Event: 305.466 GC heap before
{Heap before GC invocations=54 (full 0):
 garbage-first heap   total 178176K, used 109660K [0x0000000080000000, 0x0000000100000000)
  region size 1024K, 8 young (8192K), 4 survivors (4096K)
 Metaspace       used 101305K, committed 102016K, reserved 1179648K
  class space    used 14145K, committed 14464K, reserved 1048576K
}
Event: 305.468 GC heap after
{Heap after GC invocations=55 (full 0):
 garbage-first heap   total 178176K, used 103642K [0x0000000080000000, 0x0000000100000000)
  region size 1024K, 1 young (1024K), 1 survivors (1024K)
 Metaspace       used 101305K, committed 102016K, reserved 1179648K
  class space    used 14145K, committed 14464K, reserved 1048576K
}
Event: 329.615 GC heap before
{Heap before GC invocations=55 (full 0):
 garbage-first heap   total 178176K, used 142554K [0x0000000080000000, 0x0000000100000000)
  region size 1024K, 40 young (40960K), 1 survivors (1024K)
 Metaspace       used 101600K, committed 102336K, reserved 1179648K
  class space    used 14182K, committed 14528K, reserved 1048576K
}
Event: 329.621 GC heap after
{Heap after GC invocations=56 (full 0):
 garbage-first heap   total 178176K, used 106532K [0x0000000080000000, 0x0000000100000000)
  region size 1024K, 4 young (4096K), 4 survivors (4096K)
 Metaspace       used 101600K, committed 102336K, reserved 1179648K
  class space    used 14182K, committed 14528K, reserved 1048576K
}
Event: 331.530 GC heap before
{Heap before GC invocations=56 (full 0):
 garbage-first heap   total 178176K, used 144420K [0x0000000080000000, 0x0000000100000000)
  region size 1024K, 42 young (43008K), 4 survivors (4096K)
 Metaspace       used 101726K, committed 102464K, reserved 1179648K
  class space    used 14188K, committed 14528K, reserved 1048576K
}
Event: 331.534 GC heap after
{Heap after GC invocations=57 (full 0):
 garbage-first heap   total 178176K, used 108363K [0x0000000080000000, 0x0000000100000000)
  region size 1024K, 4 young (4096K), 4 survivors (4096K)
 Metaspace       used 101726K, committed 102464K, reserved 1179648K
  class space    used 14188K, committed 14528K, reserved 1048576K
}

